2020-12-04 21:02:48.703  INFO 18284 --- [restartedMain] org.hdxy.SpringApplication12             : Starting SpringApplication12 on LAPTOP-H4689CFH with PID 18284 (C:\Users\john\Desktop\springBootDemo\SpringBootDemo12\target\classes started by john in C:\Users\john\Desktop\springBootDemo)
2020-12-04 21:02:48.740  INFO 18284 --- [restartedMain] org.hdxy.SpringApplication12             : No active profile set, falling back to default profiles: default
2020-12-04 21:02:48.887  INFO 18284 --- [restartedMain] .e.DevToolsPropertyDefaultsPostProcessor : Devtools property defaults active! Set 'spring.devtools.add-properties' to 'false' to disable
2020-12-04 21:02:48.887  INFO 18284 --- [restartedMain] .e.DevToolsPropertyDefaultsPostProcessor : For additional web related logging consider setting the 'logging.level.web' property to 'DEBUG'
2020-12-04 21:02:50.470  INFO 18284 --- [restartedMain] o.s.b.w.embedded.tomcat.TomcatWebServer  : Tomcat initialized with port(s): 8080 (http)
2020-12-04 21:02:50.492  INFO 18284 --- [restartedMain] o.apache.catalina.core.StandardService   : Starting service [Tomcat]
2020-12-04 21:02:50.492  INFO 18284 --- [restartedMain] org.apache.catalina.core.StandardEngine  : Starting Servlet engine: [Apache Tomcat/9.0.24]
2020-12-04 21:02:50.602  INFO 18284 --- [restartedMain] o.a.c.c.C.[Tomcat].[localhost].[/]       : Initializing Spring embedded WebApplicationContext
2020-12-04 21:02:50.603  INFO 18284 --- [restartedMain] o.s.web.context.ContextLoader            : Root WebApplicationContext: initialization completed in 1638 ms
2020-12-04 21:02:50.798  INFO 18284 --- [restartedMain] o.s.s.concurrent.ThreadPoolTaskExecutor  : Initializing ExecutorService 'applicationTaskExecutor'
2020-12-04 21:02:50.890  WARN 18284 --- [restartedMain] ion$DefaultTemplateResolverConfiguration : Cannot find template location: classpath:/templates/ (please add some templates or check your Thymeleaf configuration)
2020-12-04 21:02:50.969  INFO 18284 --- [restartedMain] o.s.b.d.a.OptionalLiveReloadServer       : LiveReload server is running on port 35729
2020-12-04 21:02:51.028  INFO 18284 --- [restartedMain] o.s.b.w.embedded.tomcat.TomcatWebServer  : Tomcat started on port(s): 8080 (http) with context path ''
2020-12-04 21:02:51.031  INFO 18284 --- [restartedMain] org.hdxy.SpringApplication12             : Started SpringApplication12 in 3.14 seconds (JVM running for 5.578)
2020-12-04 21:04:22.862  INFO 18776 --- [restartedMain] org.hdxy.SpringApplication12             : Starting SpringApplication12 on LAPTOP-H4689CFH with PID 18776 (C:\Users\john\Desktop\springBootDemo\SpringBootDemo12\target\classes started by john in C:\Users\john\Desktop\springBootDemo)
2020-12-04 21:04:22.866  INFO 18776 --- [restartedMain] org.hdxy.SpringApplication12             : No active profile set, falling back to default profiles: default
2020-12-04 21:04:22.965  INFO 18776 --- [restartedMain] .e.DevToolsPropertyDefaultsPostProcessor : Devtools property defaults active! Set 'spring.devtools.add-properties' to 'false' to disable
2020-12-04 21:04:22.965  INFO 18776 --- [restartedMain] .e.DevToolsPropertyDefaultsPostProcessor : For additional web related logging consider setting the 'logging.level.web' property to 'DEBUG'
2020-12-04 21:04:24.673  INFO 18776 --- [restartedMain] o.s.b.w.embedded.tomcat.TomcatWebServer  : Tomcat initialized with port(s): 8080 (http)
2020-12-04 21:04:24.705  INFO 18776 --- [restartedMain] o.apache.catalina.core.StandardService   : Starting service [Tomcat]
2020-12-04 21:04:24.706  INFO 18776 --- [restartedMain] org.apache.catalina.core.StandardEngine  : Starting Servlet engine: [Apache Tomcat/9.0.24]
2020-12-04 21:04:24.830  INFO 18776 --- [restartedMain] o.a.c.c.C.[Tomcat].[localhost].[/]       : Initializing Spring embedded WebApplicationContext
2020-12-04 21:04:24.831  INFO 18776 --- [restartedMain] o.s.web.context.ContextLoader            : Root WebApplicationContext: initialization completed in 1865 ms
2020-12-04 21:04:25.110  INFO 18776 --- [restartedMain] o.s.s.concurrent.ThreadPoolTaskExecutor  : Initializing ExecutorService 'applicationTaskExecutor'
2020-12-04 21:04:25.238  WARN 18776 --- [restartedMain] ion$DefaultTemplateResolverConfiguration : Cannot find template location: classpath:/templates/ (please add some templates or check your Thymeleaf configuration)
2020-12-04 21:04:25.344  INFO 18776 --- [restartedMain] o.s.b.d.a.OptionalLiveReloadServer       : LiveReload server is running on port 35729
2020-12-04 21:04:25.414  INFO 18776 --- [restartedMain] o.s.b.w.embedded.tomcat.TomcatWebServer  : Tomcat started on port(s): 8080 (http) with context path ''
2020-12-04 21:04:25.418  INFO 18776 --- [restartedMain] org.hdxy.SpringApplication12             : Started SpringApplication12 in 3.554 seconds (JVM running for 6.165)
2020-12-04 21:04:40.739  INFO 16792 --- [restartedMain] org.hdxy.SpringApplication12             : Starting SpringApplication12 on LAPTOP-H4689CFH with PID 16792 (C:\Users\john\Desktop\springBootDemo\SpringBootDemo12\target\classes started by john in C:\Users\john\Desktop\springBootDemo)
2020-12-04 21:04:40.746  INFO 16792 --- [restartedMain] org.hdxy.SpringApplication12             : No active profile set, falling back to default profiles: default
2020-12-04 21:04:40.837  INFO 16792 --- [restartedMain] .e.DevToolsPropertyDefaultsPostProcessor : Devtools property defaults active! Set 'spring.devtools.add-properties' to 'false' to disable
2020-12-04 21:04:40.838  INFO 16792 --- [restartedMain] .e.DevToolsPropertyDefaultsPostProcessor : For additional web related logging consider setting the 'logging.level.web' property to 'DEBUG'
2020-12-04 21:04:42.626  INFO 16792 --- [restartedMain] o.s.b.w.embedded.tomcat.TomcatWebServer  : Tomcat initialized with port(s): 8080 (http)
2020-12-04 21:04:42.660  INFO 16792 --- [restartedMain] o.apache.catalina.core.StandardService   : Starting service [Tomcat]
2020-12-04 21:04:42.660  INFO 16792 --- [restartedMain] org.apache.catalina.core.StandardEngine  : Starting Servlet engine: [Apache Tomcat/9.0.24]
2020-12-04 21:04:42.816  INFO 16792 --- [restartedMain] o.a.c.c.C.[Tomcat].[localhost].[/]       : Initializing Spring embedded WebApplicationContext
2020-12-04 21:04:42.817  INFO 16792 --- [restartedMain] o.s.web.context.ContextLoader            : Root WebApplicationContext: initialization completed in 1967 ms
2020-12-04 21:04:43.125  INFO 16792 --- [restartedMain] o.s.s.concurrent.ThreadPoolTaskExecutor  : Initializing ExecutorService 'applicationTaskExecutor'
2020-12-04 21:04:43.260  WARN 16792 --- [restartedMain] ion$DefaultTemplateResolverConfiguration : Cannot find template location: classpath:/templates/ (please add some templates or check your Thymeleaf configuration)
2020-12-04 21:04:43.359  INFO 16792 --- [restartedMain] o.s.b.d.a.OptionalLiveReloadServer       : LiveReload server is running on port 35729
2020-12-04 21:04:43.431  INFO 16792 --- [restartedMain] o.s.b.w.embedded.tomcat.TomcatWebServer  : Tomcat started on port(s): 8080 (http) with context path ''
2020-12-04 21:04:43.436  INFO 16792 --- [restartedMain] org.hdxy.SpringApplication12             : Started SpringApplication12 in 3.524 seconds (JVM running for 6.249)
