2020-12-04 20:52:30.204  INFO 11404 --- [restartedMain] org.hdxy.SpringApplication12             : Starting SpringApplication12 on LAPTOP-H4689CFH with PID 11404 (C:\Users\john\Desktop\springBootDemo\SpringBootDemo12\target\classes started by john in C:\Users\john\Desktop\springBootDemo)
2020-12-04 20:52:30.209  INFO 11404 --- [restartedMain] org.hdxy.SpringApplication12             : No active profile set, falling back to default profiles: default
2020-12-04 20:52:30.363  INFO 11404 --- [restartedMain] .e.DevToolsPropertyDefaultsPostProcessor : Devtools property defaults active! Set 'spring.devtools.add-properties' to 'false' to disable
2020-12-04 20:52:30.363  INFO 11404 --- [restartedMain] .e.DevToolsPropertyDefaultsPostProcessor : For additional web related logging consider setting the 'logging.level.web' property to 'DEBUG'
2020-12-04 20:52:32.043  INFO 11404 --- [restartedMain] o.s.b.w.embedded.tomcat.TomcatWebServer  : Tomcat initialized with port(s): 8080 (http)
2020-12-04 20:52:32.071  INFO 11404 --- [restartedMain] o.apache.catalina.core.StandardService   : Starting service [Tomcat]
2020-12-04 20:52:32.071  INFO 11404 --- [restartedMain] org.apache.catalina.core.StandardEngine  : Starting Servlet engine: [Apache Tomcat/9.0.24]
2020-12-04 20:52:32.202  INFO 11404 --- [restartedMain] o.a.c.c.C.[Tomcat].[localhost].[/]       : Initializing Spring embedded WebApplicationContext
2020-12-04 20:52:32.203  INFO 11404 --- [restartedMain] o.s.web.context.ContextLoader            : Root WebApplicationContext: initialization completed in 1839 ms
2020-12-04 20:52:32.422  INFO 11404 --- [restartedMain] o.s.s.concurrent.ThreadPoolTaskExecutor  : Initializing ExecutorService 'applicationTaskExecutor'
2020-12-04 20:52:32.510  WARN 11404 --- [restartedMain] ion$DefaultTemplateResolverConfiguration : Cannot find template location: classpath:/templates/ (please add some templates or check your Thymeleaf configuration)
2020-12-04 20:52:32.588  INFO 11404 --- [restartedMain] o.s.b.d.a.OptionalLiveReloadServer       : LiveReload server is running on port 35729
2020-12-04 20:52:32.643  INFO 11404 --- [restartedMain] o.s.b.w.embedded.tomcat.TomcatWebServer  : Tomcat started on port(s): 8080 (http) with context path ''
2020-12-04 20:52:32.647  INFO 11404 --- [restartedMain] org.hdxy.SpringApplication12             : Started SpringApplication12 in 3.092 seconds (JVM running for 5.179)
2020-12-04 20:58:30.407  INFO 5128 --- [restartedMain] org.hdxy.SpringApplication12             : Starting SpringApplication12 on LAPTOP-H4689CFH with PID 5128 (C:\Users\john\Desktop\springBootDemo\SpringBootDemo12\target\classes started by john in C:\Users\john\Desktop\springBootDemo)
2020-12-04 20:58:30.422  INFO 5128 --- [restartedMain] org.hdxy.SpringApplication12             : No active profile set, falling back to default profiles: default
2020-12-04 20:58:30.505  INFO 5128 --- [restartedMain] .e.DevToolsPropertyDefaultsPostProcessor : Devtools property defaults active! Set 'spring.devtools.add-properties' to 'false' to disable
2020-12-04 20:58:30.505  INFO 5128 --- [restartedMain] .e.DevToolsPropertyDefaultsPostProcessor : For additional web related logging consider setting the 'logging.level.web' property to 'DEBUG'
2020-12-04 20:58:32.386  INFO 5128 --- [restartedMain] o.s.b.w.embedded.tomcat.TomcatWebServer  : Tomcat initialized with port(s): 8080 (http)
2020-12-04 20:58:32.408  INFO 5128 --- [restartedMain] o.apache.catalina.core.StandardService   : Starting service [Tomcat]
2020-12-04 20:58:32.408  INFO 5128 --- [restartedMain] org.apache.catalina.core.StandardEngine  : Starting Servlet engine: [Apache Tomcat/9.0.24]
2020-12-04 20:58:32.501  INFO 5128 --- [restartedMain] o.a.c.c.C.[Tomcat].[localhost].[/]       : Initializing Spring embedded WebApplicationContext
2020-12-04 20:58:32.501  INFO 5128 --- [restartedMain] o.s.web.context.ContextLoader            : Root WebApplicationContext: initialization completed in 1996 ms
2020-12-04 20:58:32.707  INFO 5128 --- [restartedMain] o.s.s.concurrent.ThreadPoolTaskExecutor  : Initializing ExecutorService 'applicationTaskExecutor'
2020-12-04 20:58:32.829  WARN 5128 --- [restartedMain] ion$DefaultTemplateResolverConfiguration : Cannot find template location: classpath:/templates/ (please add some templates or check your Thymeleaf configuration)
2020-12-04 20:58:32.938  INFO 5128 --- [restartedMain] o.s.b.d.a.OptionalLiveReloadServer       : LiveReload server is running on port 35729
2020-12-04 20:58:32.995  INFO 5128 --- [restartedMain] o.s.b.w.embedded.tomcat.TomcatWebServer  : Tomcat started on port(s): 8080 (http) with context path ''
2020-12-04 20:58:32.999  INFO 5128 --- [restartedMain] org.hdxy.SpringApplication12             : Started SpringApplication12 in 3.198 seconds (JVM running for 5.502)
